{"level":"INFO","message":"[10:07:39.938 AM]: Creating new connection object"}
{"level":"INFO","message":"[10:07:39.944 AM]: Creating Connection[id: 37e57576-94df-468b-b3b5-ba5cc9abe7d2] with host: RIPPLINGORG-RIPPLING.snowflakecomputing.com, account: RIPPLINGORG-RIPPLING, accessUrl: https://RIPPLINGORG-RIPPLING.snowflakecomputing.com, user: whunter@rippling.com, role: PROD_RIPPLING_MARKETING, database: PROD_RIPPLING_DWH, schema: undefined, warehouse: PROD_RIPPLING_INTEGRATION_DWH, proxy was not configured, password is not provided, region: undefined, authenticator: EXTERNALBROWSER, ocsp mode: FAIL_OPEN, os: darwin, o"}
{"level":"INFO","message":"[10:07:39.944 AM]: Connection[id: 37e57576-94df-468b-b3b5-ba5cc9abe7d2] additional details: passcode in password is provided, passcode is not provided, private key is not provided, application: undefined, client name: snowflake-sdk, client version: 2.3.3, retry timeout: 300, private key path: undefined, private key pass is not provided, client store temporary credential: false, browser response timeout: 120000"}
{"level":"INFO","message":"[10:07:39.944 AM]: Connection[id: 37e57576-94df-468b-b3b5-ba5cc9abe7d2] - connection object created successfully."}
{"level":"INFO","message":"[10:07:39.945 AM]: Connection[id: 37e57576-94df-468b-b3b5-ba5cc9abe7d2] - connecting. Associated Snowflake domain: GLOBAL"}
{"level":"ERROR","message":"[10:07:39.945 AM]: Connection[id: 37e57576-94df-468b-b3b5-ba5cc9abe7d2] - connecting failed after 0.09 milliseconds.Error: External browser and Okta are not compatible with connection process"}
{"level":"INFO","message":"[10:07:39.947 AM]: Creating new connection object"}
{"level":"INFO","message":"[10:07:39.947 AM]: Creating Connection[id: 3664ca00-9a48-4776-abb0-997bd87bee65] with host: RIPPLINGORG-RIPPLING.snowflakecomputing.com, account: RIPPLINGORG-RIPPLING, accessUrl: https://RIPPLINGORG-RIPPLING.snowflakecomputing.com, user: whunter@rippling.com, role: PROD_RIPPLING_MARKETING, database: PROD_RIPPLING_DWH, schema: undefined, warehouse: PROD_RIPPLING_INTEGRATION_DWH, proxy was not configured, password is not provided, region: undefined, authenticator: EXTERNALBROWSER, ocsp mode: FAIL_OPEN, os: darwin, o"}
{"level":"INFO","message":"[10:07:39.947 AM]: Connection[id: 3664ca00-9a48-4776-abb0-997bd87bee65] additional details: passcode in password is provided, passcode is not provided, private key is not provided, application: undefined, client name: snowflake-sdk, client version: 2.3.3, retry timeout: 300, private key path: undefined, private key pass is not provided, client store temporary credential: false, browser response timeout: 120000"}
{"level":"INFO","message":"[10:07:39.947 AM]: Connection[id: 3664ca00-9a48-4776-abb0-997bd87bee65] - connection object created successfully."}
{"level":"INFO","message":"[10:07:39.947 AM]: Connection[id: 3664ca00-9a48-4776-abb0-997bd87bee65] - connecting. Associated Snowflake domain: GLOBAL"}
{"level":"ERROR","message":"[10:07:39.947 AM]: Connection[id: 3664ca00-9a48-4776-abb0-997bd87bee65] - connecting failed after 0.04 milliseconds.Error: External browser and Okta are not compatible with connection process"}
{"level":"INFO","message":"[10:12:51.239 AM]: Creating new connection object"}
{"level":"INFO","message":"[10:12:51.245 AM]: Creating Connection[id: e4cce5db-5a29-462f-9ce8-9822eefcdeb9] with host: RIPPLINGORG-RIPPLING.snowflakecomputing.com, account: RIPPLINGORG-RIPPLING, accessUrl: https://RIPPLINGORG-RIPPLING.snowflakecomputing.com, user: whunter@rippling.com, role: PROD_RIPPLING_MARKETING, database: PROD_RIPPLING_DWH, schema: undefined, warehouse: PROD_RIPPLING_INTEGRATION_DWH, proxy was not configured, password is not provided, region: undefined, authenticator: EXTERNALBROWSER, ocsp mode: FAIL_OPEN, os: darwin, o"}
{"level":"INFO","message":"[10:12:51.245 AM]: Connection[id: e4cce5db-5a29-462f-9ce8-9822eefcdeb9] additional details: passcode in password is provided, passcode is not provided, private key is not provided, application: undefined, client name: snowflake-sdk, client version: 2.3.3, retry timeout: 300, private key path: undefined, private key pass is not provided, client store temporary credential: false, browser response timeout: 120000"}
{"level":"INFO","message":"[10:12:51.245 AM]: Connection[id: e4cce5db-5a29-462f-9ce8-9822eefcdeb9] - connection object created successfully."}
{"level":"INFO","message":"[10:12:51.246 AM]: Connection[id: e4cce5db-5a29-462f-9ce8-9822eefcdeb9] - async connecting. Associated Snowflake domain: GLOBAL"}
{"level":"INFO","message":"[10:12:51.246 AM]: Trying to initialize Easy Logging"}
{"level":"INFO","message":"[10:12:51.248 AM]: No client config detected."}
{"level":"INFO","message":"[10:12:51.248 AM]: No config file path found. Client config will not be used."}
{"level":"INFO","message":"[10:12:51.248 AM]: Easy Logging is disabled as no config has been found"}
{"level":"INFO","message":"[10:13:00.532 AM]: Connection[id: e4cce5db-5a29-462f-9ce8-9822eefcdeb9] - authentication successful using: EXTERNALBROWSER"}
{"level":"INFO","message":"[10:13:00.805 AM]: Connection[id: e4cce5db-5a29-462f-9ce8-9822eefcdeb9] - connection established successfully after 9559.82 milliseconds"}
{"level":"INFO","message":"[10:13:00.930 AM]: Creating new connection object"}
{"level":"INFO","message":"[10:13:00.930 AM]: Creating Connection[id: 0c0fd03d-2d0d-40f3-ada0-39837f9d244e] with host: RIPPLINGORG-RIPPLING.snowflakecomputing.com, account: RIPPLINGORG-RIPPLING, accessUrl: https://RIPPLINGORG-RIPPLING.snowflakecomputing.com, user: whunter@rippling.com, role: PROD_RIPPLING_MARKETING, database: PROD_RIPPLING_DWH, schema: undefined, warehouse: PROD_RIPPLING_INTEGRATION_DWH, proxy was not configured, password is not provided, region: undefined, authenticator: EXTERNALBROWSER, ocsp mode: FAIL_OPEN, os: darwin, o"}
{"level":"INFO","message":"[10:13:00.930 AM]: Connection[id: 0c0fd03d-2d0d-40f3-ada0-39837f9d244e] additional details: passcode in password is provided, passcode is not provided, private key is not provided, application: undefined, client name: snowflake-sdk, client version: 2.3.3, retry timeout: 300, private key path: undefined, private key pass is not provided, client store temporary credential: false, browser response timeout: 120000"}
{"level":"INFO","message":"[10:13:00.930 AM]: Connection[id: 0c0fd03d-2d0d-40f3-ada0-39837f9d244e] - connection object created successfully."}
{"level":"INFO","message":"[10:13:00.930 AM]: Connection[id: 0c0fd03d-2d0d-40f3-ada0-39837f9d244e] - async connecting. Associated Snowflake domain: GLOBAL"}
{"level":"INFO","message":"[10:13:05.464 AM]: Connection[id: 0c0fd03d-2d0d-40f3-ada0-39837f9d244e] - authentication successful using: EXTERNALBROWSER"}
{"level":"INFO","message":"[10:13:05.748 AM]: Connection[id: 0c0fd03d-2d0d-40f3-ada0-39837f9d244e] - connection established successfully after 4818.17 milliseconds"}
{"level":"INFO","message":"[10:25:53.534 AM]: Creating new connection object"}
{"level":"INFO","message":"[10:25:53.541 AM]: Creating Connection[id: ce9878e7-ff76-4cd0-b1e6-bbfc555b85e4] with host: RIPPLINGORG-RIPPLING.snowflakecomputing.com, account: RIPPLINGORG-RIPPLING, accessUrl: https://RIPPLINGORG-RIPPLING.snowflakecomputing.com, user: whunter@rippling.com, role: PROD_RIPPLING_MARKETING, database: PROD_RIPPLING_DWH, schema: undefined, warehouse: PROD_RIPPLING_INTEGRATION_DWH, proxy was not configured, password is not provided, region: undefined, authenticator: EXTERNALBROWSER, ocsp mode: FAIL_OPEN, os: darwin, o"}
{"level":"INFO","message":"[10:25:53.541 AM]: Connection[id: ce9878e7-ff76-4cd0-b1e6-bbfc555b85e4] additional details: passcode in password is provided, passcode is not provided, private key is not provided, application: undefined, client name: snowflake-sdk, client version: 2.3.3, retry timeout: 300, private key path: undefined, private key pass is not provided, client store temporary credential: false, browser response timeout: 120000"}
{"level":"INFO","message":"[10:25:53.541 AM]: Connection[id: ce9878e7-ff76-4cd0-b1e6-bbfc555b85e4] - connection object created successfully."}
{"level":"INFO","message":"[10:25:53.541 AM]: Connection[id: ce9878e7-ff76-4cd0-b1e6-bbfc555b85e4] - async connecting. Associated Snowflake domain: GLOBAL"}
{"level":"INFO","message":"[10:25:53.541 AM]: Trying to initialize Easy Logging"}
{"level":"INFO","message":"[10:25:53.544 AM]: No client config detected."}
{"level":"INFO","message":"[10:25:53.545 AM]: No config file path found. Client config will not be used."}
{"level":"INFO","message":"[10:25:53.545 AM]: Easy Logging is disabled as no config has been found"}
{"level":"INFO","message":"[10:26:03.971 AM]: Connection[id: ce9878e7-ff76-4cd0-b1e6-bbfc555b85e4] - authentication successful using: EXTERNALBROWSER"}
{"level":"INFO","message":"[10:26:04.200 AM]: Connection[id: ce9878e7-ff76-4cd0-b1e6-bbfc555b85e4] - connection established successfully after 10659.19 milliseconds"}
{"level":"INFO","message":"[10:26:04.321 AM]: Creating new connection object"}
{"level":"INFO","message":"[10:26:04.322 AM]: Creating Connection[id: 109c57cb-7563-49f6-860e-200bf9cf541b] with host: RIPPLINGORG-RIPPLING.snowflakecomputing.com, account: RIPPLINGORG-RIPPLING, accessUrl: https://RIPPLINGORG-RIPPLING.snowflakecomputing.com, user: whunter@rippling.com, role: PROD_RIPPLING_MARKETING, database: PROD_RIPPLING_DWH, schema: undefined, warehouse: PROD_RIPPLING_INTEGRATION_DWH, proxy was not configured, password is not provided, region: undefined, authenticator: EXTERNALBROWSER, ocsp mode: FAIL_OPEN, os: darwin, o"}
{"level":"INFO","message":"[10:26:04.322 AM]: Connection[id: 109c57cb-7563-49f6-860e-200bf9cf541b] additional details: passcode in password is provided, passcode is not provided, private key is not provided, application: undefined, client name: snowflake-sdk, client version: 2.3.3, retry timeout: 300, private key path: undefined, private key pass is not provided, client store temporary credential: false, browser response timeout: 120000"}
{"level":"INFO","message":"[10:26:04.322 AM]: Connection[id: 109c57cb-7563-49f6-860e-200bf9cf541b] - connection object created successfully."}
{"level":"INFO","message":"[10:26:04.323 AM]: Connection[id: 109c57cb-7563-49f6-860e-200bf9cf541b] - async connecting. Associated Snowflake domain: GLOBAL"}
{"level":"INFO","message":"[10:26:09.073 AM]: Connection[id: 109c57cb-7563-49f6-860e-200bf9cf541b] - authentication successful using: EXTERNALBROWSER"}
{"level":"INFO","message":"[10:26:09.277 AM]: Connection[id: 109c57cb-7563-49f6-860e-200bf9cf541b] - connection established successfully after 4954.68 milliseconds"}
{"level":"INFO","message":"[10:26:44.239 AM]: Creating new connection object"}
{"level":"INFO","message":"[10:26:44.240 AM]: Creating Connection[id: dd639c02-fab1-4fd9-aa6d-4cc219f2973a] with host: RIPPLINGORG-RIPPLING.snowflakecomputing.com, account: RIPPLINGORG-RIPPLING, accessUrl: https://RIPPLINGORG-RIPPLING.snowflakecomputing.com, user: whunter@rippling.com, role: PROD_RIPPLING_MARKETING, database: PROD_RIPPLING_DWH, schema: undefined, warehouse: PROD_RIPPLING_INTEGRATION_DWH, proxy was not configured, password is not provided, region: undefined, authenticator: EXTERNALBROWSER, ocsp mode: FAIL_OPEN, os: darwin, o"}
{"level":"INFO","message":"[10:26:44.240 AM]: Connection[id: dd639c02-fab1-4fd9-aa6d-4cc219f2973a] additional details: passcode in password is provided, passcode is not provided, private key is not provided, application: undefined, client name: snowflake-sdk, client version: 2.3.3, retry timeout: 300, private key path: undefined, private key pass is not provided, client store temporary credential: false, browser response timeout: 120000"}
{"level":"INFO","message":"[10:26:44.240 AM]: Connection[id: dd639c02-fab1-4fd9-aa6d-4cc219f2973a] - connection object created successfully."}
{"level":"INFO","message":"[10:26:44.240 AM]: Connection[id: dd639c02-fab1-4fd9-aa6d-4cc219f2973a] - async connecting. Associated Snowflake domain: GLOBAL"}
{"level":"INFO","message":"[10:26:49.588 AM]: Connection[id: dd639c02-fab1-4fd9-aa6d-4cc219f2973a] - authentication successful using: EXTERNALBROWSER"}
{"level":"INFO","message":"[10:26:49.836 AM]: Connection[id: dd639c02-fab1-4fd9-aa6d-4cc219f2973a] - connection established successfully after 5595.98 milliseconds"}
{"level":"INFO","message":"[10:28:11.575 AM]: Creating new connection object"}
{"level":"INFO","message":"[10:28:11.581 AM]: Creating Connection[id: f5d02abb-24da-48bf-aa80-871df1c5c281] with host: RIPPLINGORG-RIPPLING.snowflakecomputing.com, account: RIPPLINGORG-RIPPLING, accessUrl: https://RIPPLINGORG-RIPPLING.snowflakecomputing.com, user: whunter@rippling.com, role: PROD_RIPPLING_MARKETING, database: PROD_RIPPLING_DWH, schema: undefined, warehouse: PROD_RIPPLING_INTEGRATION_DWH, proxy was not configured, password is not provided, region: undefined, authenticator: EXTERNALBROWSER, ocsp mode: FAIL_OPEN, os: darwin, o"}
{"level":"INFO","message":"[10:28:11.582 AM]: Connection[id: f5d02abb-24da-48bf-aa80-871df1c5c281] additional details: passcode in password is provided, passcode is not provided, private key is not provided, application: undefined, client name: snowflake-sdk, client version: 2.3.3, retry timeout: 300, private key path: undefined, private key pass is not provided, client store temporary credential: false, browser response timeout: 120000"}
{"level":"INFO","message":"[10:28:11.582 AM]: Connection[id: f5d02abb-24da-48bf-aa80-871df1c5c281] - connection object created successfully."}
{"level":"INFO","message":"[10:28:11.582 AM]: Connection[id: f5d02abb-24da-48bf-aa80-871df1c5c281] - async connecting. Associated Snowflake domain: GLOBAL"}
{"level":"INFO","message":"[10:28:11.582 AM]: Trying to initialize Easy Logging"}
{"level":"INFO","message":"[10:28:11.585 AM]: No client config detected."}
{"level":"INFO","message":"[10:28:11.585 AM]: No config file path found. Client config will not be used."}
{"level":"INFO","message":"[10:28:11.585 AM]: Easy Logging is disabled as no config has been found"}
{"level":"INFO","message":"[10:28:17.616 AM]: Connection[id: f5d02abb-24da-48bf-aa80-871df1c5c281] - authentication successful using: EXTERNALBROWSER"}
{"level":"INFO","message":"[10:28:18.048 AM]: Connection[id: f5d02abb-24da-48bf-aa80-871df1c5c281] - connection established successfully after 6466.39 milliseconds"}
{"level":"INFO","message":"[10:28:18.167 AM]: Creating new connection object"}
{"level":"INFO","message":"[10:28:18.168 AM]: Creating Connection[id: 6af00481-d47b-4fa8-8993-ce61c94f4e0e] with host: RIPPLINGORG-RIPPLING.snowflakecomputing.com, account: RIPPLINGORG-RIPPLING, accessUrl: https://RIPPLINGORG-RIPPLING.snowflakecomputing.com, user: whunter@rippling.com, role: PROD_RIPPLING_MARKETING, database: PROD_RIPPLING_DWH, schema: undefined, warehouse: PROD_RIPPLING_INTEGRATION_DWH, proxy was not configured, password is not provided, region: undefined, authenticator: EXTERNALBROWSER, ocsp mode: FAIL_OPEN, os: darwin, o"}
{"level":"INFO","message":"[10:28:18.168 AM]: Connection[id: 6af00481-d47b-4fa8-8993-ce61c94f4e0e] additional details: passcode in password is provided, passcode is not provided, private key is not provided, application: undefined, client name: snowflake-sdk, client version: 2.3.3, retry timeout: 300, private key path: undefined, private key pass is not provided, client store temporary credential: false, browser response timeout: 120000"}
{"level":"INFO","message":"[10:28:18.168 AM]: Connection[id: 6af00481-d47b-4fa8-8993-ce61c94f4e0e] - connection object created successfully."}
{"level":"INFO","message":"[10:28:18.168 AM]: Connection[id: 6af00481-d47b-4fa8-8993-ce61c94f4e0e] - async connecting. Associated Snowflake domain: GLOBAL"}
{"level":"INFO","message":"[10:28:22.877 AM]: Connection[id: 6af00481-d47b-4fa8-8993-ce61c94f4e0e] - authentication successful using: EXTERNALBROWSER"}
{"level":"INFO","message":"[10:28:23.141 AM]: Connection[id: 6af00481-d47b-4fa8-8993-ce61c94f4e0e] - connection established successfully after 4972.59 milliseconds"}
{"level":"INFO","message":"[10:29:07.521 AM]: Creating new connection object"}
{"level":"INFO","message":"[10:29:07.522 AM]: Creating Connection[id: 32a1675f-a769-4f62-93e8-5b9ec7d8d85e] with host: RIPPLINGORG-RIPPLING.snowflakecomputing.com, account: RIPPLINGORG-RIPPLING, accessUrl: https://RIPPLINGORG-RIPPLING.snowflakecomputing.com, user: whunter@rippling.com, role: PROD_RIPPLING_MARKETING, database: PROD_RIPPLING_DWH, schema: undefined, warehouse: PROD_RIPPLING_INTEGRATION_DWH, proxy was not configured, password is not provided, region: undefined, authenticator: EXTERNALBROWSER, ocsp mode: FAIL_OPEN, os: darwin, o"}
{"level":"INFO","message":"[10:29:07.522 AM]: Connection[id: 32a1675f-a769-4f62-93e8-5b9ec7d8d85e] additional details: passcode in password is provided, passcode is not provided, private key is not provided, application: undefined, client name: snowflake-sdk, client version: 2.3.3, retry timeout: 300, private key path: undefined, private key pass is not provided, client store temporary credential: false, browser response timeout: 120000"}
{"level":"INFO","message":"[10:29:07.522 AM]: Connection[id: 32a1675f-a769-4f62-93e8-5b9ec7d8d85e] - connection object created successfully."}
{"level":"INFO","message":"[10:29:07.522 AM]: Connection[id: 32a1675f-a769-4f62-93e8-5b9ec7d8d85e] - async connecting. Associated Snowflake domain: GLOBAL"}
{"level":"INFO","message":"[10:29:12.298 AM]: Connection[id: 32a1675f-a769-4f62-93e8-5b9ec7d8d85e] - authentication successful using: EXTERNALBROWSER"}
{"level":"INFO","message":"[10:29:12.507 AM]: Connection[id: 32a1675f-a769-4f62-93e8-5b9ec7d8d85e] - connection established successfully after 4985.28 milliseconds"}
